Determining if the pthread_create exist failed with the following output:
Change Dir: /home/ehds/Programs/db-project/client/cmake-build-debug/CMakeFiles/CMakeTmp

Run Build Command(s):/usr/bin/make cmTC_2b83f/fast 
/usr/bin/make -f CMakeFiles/cmTC_2b83f.dir/build.make CMakeFiles/cmTC_2b83f.dir/build
make[1]: 进入目录“/home/ehds/Programs/db-project/client/cmake-build-debug/CMakeFiles/CMakeTmp”
Building C object CMakeFiles/cmTC_2b83f.dir/CheckSymbolExists.c.o
/usr/bin/cc    -o CMakeFiles/cmTC_2b83f.dir/CheckSymbolExists.c.o   -c /home/ehds/Programs/db-project/client/cmake-build-debug/CMakeFiles/CMakeTmp/CheckSymbolExists.c
Linking C executable cmTC_2b83f
/home/ehds/Programs/CLion-2019.1.2/clion-2019.1.2/bin/cmake/linux/bin/cmake -E cmake_link_script CMakeFiles/cmTC_2b83f.dir/link.txt --verbose=1
/usr/bin/cc      -rdynamic CMakeFiles/cmTC_2b83f.dir/CheckSymbolExists.c.o  -o cmTC_2b83f 
/usr/bin/ld: CMakeFiles/cmTC_2b83f.dir/CheckSymbolExists.c.o: in function `main':
CheckSymbolExists.c:(.text+0x1b): undefined reference to `pthread_create'
collect2: error: ld returned 1 exit status
make[1]: *** [CMakeFiles/cmTC_2b83f.dir/build.make:87：cmTC_2b83f] 错误 1
make[1]: 离开目录“/home/ehds/Programs/db-project/client/cmake-build-debug/CMakeFiles/CMakeTmp”
make: *** [Makefile:121：cmTC_2b83f/fast] 错误 2

File /home/ehds/Programs/db-project/client/cmake-build-debug/CMakeFiles/CMakeTmp/CheckSymbolExists.c:
/* */
#include <pthread.h>

int main(int argc, char** argv)
{
  (void)argv;
#ifndef pthread_create
  return ((int*)(&pthread_create))[argc];
#else
  (void)argc;
  return 0;
#endif
}

Determining if the function pthread_create exists in the pthreads failed with the following output:
Change Dir: /home/ehds/Programs/db-project/client/cmake-build-debug/CMakeFiles/CMakeTmp

Run Build Command(s):/usr/bin/make cmTC_f8053/fast 
/usr/bin/make -f CMakeFiles/cmTC_f8053.dir/build.make CMakeFiles/cmTC_f8053.dir/build
make[1]: 进入目录“/home/ehds/Programs/db-project/client/cmake-build-debug/CMakeFiles/CMakeTmp”
Building C object CMakeFiles/cmTC_f8053.dir/CheckFunctionExists.c.o
/usr/bin/cc   -DCHECK_FUNCTION_EXISTS=pthread_create   -o CMakeFiles/cmTC_f8053.dir/CheckFunctionExists.c.o   -c /home/ehds/Programs/CLion-2019.1.2/clion-2019.1.2/bin/cmake/linux/share/cmake-3.14/Modules/CheckFunctionExists.c
Linking C executable cmTC_f8053
/home/ehds/Programs/CLion-2019.1.2/clion-2019.1.2/bin/cmake/linux/bin/cmake -E cmake_link_script CMakeFiles/cmTC_f8053.dir/link.txt --verbose=1
/usr/bin/cc  -DCHECK_FUNCTION_EXISTS=pthread_create    -rdynamic CMakeFiles/cmTC_f8053.dir/CheckFunctionExists.c.o  -o cmTC_f8053 -lpthreads 
/usr/bin/ld: 找不到 -lpthreads
collect2: error: ld returned 1 exit status
make[1]: *** [CMakeFiles/cmTC_f8053.dir/build.make:87：cmTC_f8053] 错误 1
make[1]: 离开目录“/home/ehds/Programs/db-project/client/cmake-build-debug/CMakeFiles/CMakeTmp”
make: *** [Makefile:121：cmTC_f8053/fast] 错误 2


